<?xml version="1.0" encoding="utf-8"?><testsuites name="pytest tests"><testsuite name="pytest" errors="0" failures="15" skipped="0" tests="16" time="15.434" timestamp="2026-02-17T22:36:03.869026+00:00" hostname="agent-env-0a18ac64-728f-469e-a8ca-9f0beb349a89"><testcase classname="backend.tests.test_audit_logging.TestLoginAuditLogging" name="test_login_success_logged" time="1.433"><failure message="AssertionError: ip_address field missing from audit log&#10;assert 'ip_address' in {'action': 'LOGIN_SUCCESS', 'actor_id': '6a65d044-7513-41aa-a6e6-13b0e98f27ad', 'actor_name': 'System Admin', 'created_at': '2026-02-17T22:36:04.784547Z', ...}">backend/tests/test_audit_logging.py:143: in test_login_success_logged
    assert "ip_address" in recent_log, "ip_address field missing from audit log"
E   AssertionError: ip_address field missing from audit log
E   assert 'ip_address' in {'action': 'LOGIN_SUCCESS', 'actor_id': '6a65d044-7513-41aa-a6e6-13b0e98f27ad', 'actor_name': 'System Admin', 'created_at': '2026-02-17T22:36:04.784547Z', ...}</failure></testcase><testcase classname="backend.tests.test_audit_logging.TestLoginAuditLogging" name="test_login_failed_logged" time="0.760"><failure message="AssertionError: No LOGIN_FAILED audit logs found&#10;assert 0 &gt; 0&#10; +  where 0 = len([])">backend/tests/test_audit_logging.py:163: in test_login_failed_logged
    assert len(logs) &gt; 0, "No LOGIN_FAILED audit logs found"
E   AssertionError: No LOGIN_FAILED audit logs found
E   assert 0 &gt; 0
E    +  where 0 = len([])</failure></testcase><testcase classname="backend.tests.test_audit_logging.TestUserCRUDAuditLogging" name="test_user_create_logged" time="1.011"><failure message="AssertionError: assert 'ip_address' in {'action': 'CREATE', 'actor_id': '6a65d044-7513-41aa-a6e6-13b0e98f27ad', 'actor_name': 'System Admin', 'created_at': '2026-02-17T22:36:06.591511Z', ...}">backend/tests/test_audit_logging.py:223: in test_user_create_logged
    assert "ip_address" in log
E   AssertionError: assert 'ip_address' in {'action': 'CREATE', 'actor_id': '6a65d044-7513-41aa-a6e6-13b0e98f27ad', 'actor_name': 'System Admin', 'created_at': '2026-02-17T22:36:06.591511Z', ...}</failure></testcase><testcase classname="backend.tests.test_audit_logging.TestUserCRUDAuditLogging" name="test_user_update_logged" time="1.299"><failure message="AssertionError: assert 'ip_address' in {'action': 'UPDATE', 'actor_id': '6a65d044-7513-41aa-a6e6-13b0e98f27ad', 'actor_name': 'System Admin', 'created_at': '2026-02-17T22:36:07.728218Z', ...}">backend/tests/test_audit_logging.py:253: in test_user_update_logged
    assert "ip_address" in log
E   AssertionError: assert 'ip_address' in {'action': 'UPDATE', 'actor_id': '6a65d044-7513-41aa-a6e6-13b0e98f27ad', 'actor_name': 'System Admin', 'created_at': '2026-02-17T22:36:07.728218Z', ...}</failure></testcase><testcase classname="backend.tests.test_audit_logging.TestUserCRUDAuditLogging" name="test_user_delete_logged" time="1.141"><failure message="AssertionError: assert 'ip_address' in {'action': 'DELETE', 'actor_id': '6a65d044-7513-41aa-a6e6-13b0e98f27ad', 'actor_name': 'System Admin', 'created_at': '2026-02-17T22:36:09.011759Z', ...}">backend/tests/test_audit_logging.py:283: in test_user_delete_logged
    assert "ip_address" in log
E   AssertionError: assert 'ip_address' in {'action': 'DELETE', 'actor_id': '6a65d044-7513-41aa-a6e6-13b0e98f27ad', 'actor_name': 'System Admin', 'created_at': '2026-02-17T22:36:09.011759Z', ...}</failure></testcase><testcase classname="backend.tests.test_audit_logging.TestTaskCRUDAuditLogging" name="test_task_create_logged" time="0.809"><failure message="AssertionError: assert 'ip_address' in {'action': 'CREATE', 'actor_id': '6a65d044-7513-41aa-a6e6-13b0e98f27ad', 'actor_name': 'System Admin', 'created_at': '2026-02-17T22:36:09.817634Z', ...}">backend/tests/test_audit_logging.py:339: in test_task_create_logged
    assert "ip_address" in log
E   AssertionError: assert 'ip_address' in {'action': 'CREATE', 'actor_id': '6a65d044-7513-41aa-a6e6-13b0e98f27ad', 'actor_name': 'System Admin', 'created_at': '2026-02-17T22:36:09.817634Z', ...}</failure></testcase><testcase classname="backend.tests.test_audit_logging.TestTaskCRUDAuditLogging" name="test_task_update_logged" time="1.165"><failure message="AssertionError: assert 'ip_address' in {'action': 'UPDATE', 'actor_id': '6a65d044-7513-41aa-a6e6-13b0e98f27ad', 'actor_name': 'System Admin', 'created_at': '2026-02-17T22:36:10.782350Z', ...}">backend/tests/test_audit_logging.py:366: in test_task_update_logged
    assert "ip_address" in log
E   AssertionError: assert 'ip_address' in {'action': 'UPDATE', 'actor_id': '6a65d044-7513-41aa-a6e6-13b0e98f27ad', 'actor_name': 'System Admin', 'created_at': '2026-02-17T22:36:10.782350Z', ...}</failure></testcase><testcase classname="backend.tests.test_audit_logging.TestTaskCRUDAuditLogging" name="test_task_delete_logged" time="0.943"><failure message="AssertionError: assert 'ip_address' in {'action': 'DELETE', 'actor_id': '6a65d044-7513-41aa-a6e6-13b0e98f27ad', 'actor_name': 'System Admin', 'created_at': '2026-02-17T22:36:11.984510Z', ...}">backend/tests/test_audit_logging.py:398: in test_task_delete_logged
    assert "ip_address" in log
E   AssertionError: assert 'ip_address' in {'action': 'DELETE', 'actor_id': '6a65d044-7513-41aa-a6e6-13b0e98f27ad', 'actor_name': 'System Admin', 'created_at': '2026-02-17T22:36:11.984510Z', ...}</failure></testcase><testcase classname="backend.tests.test_audit_logging.TestTaskStatusChangeAuditLogging" name="test_status_change_logged" time="1.029"><failure message="AssertionError: assert 'ip_address' in {'action': 'STATUS_CHANGE', 'actor_id': '6a65d044-7513-41aa-a6e6-13b0e98f27ad', 'actor_name': 'System Admin', 'created_at': '2026-02-17T22:36:12.982737Z', ...}">backend/tests/test_audit_logging.py:451: in test_status_change_logged
    assert "ip_address" in log
E   AssertionError: assert 'ip_address' in {'action': 'STATUS_CHANGE', 'actor_id': '6a65d044-7513-41aa-a6e6-13b0e98f27ad', 'actor_name': 'System Admin', 'created_at': '2026-02-17T22:36:12.982737Z', ...}</failure></testcase><testcase classname="backend.tests.test_audit_logging.TestAvatarAuditLogging" name="test_avatar_update_logged" time="0.798"><failure message="AssertionError: assert 'ip_address' in {'action': 'UPDATE', 'actor_id': '6a65d044-7513-41aa-a6e6-13b0e98f27ad', 'actor_name': 'System Admin', 'created_at': '2026-02-17T22:36:13.832973Z', ...}">backend/tests/test_audit_logging.py:481: in test_avatar_update_logged
    assert "ip_address" in log
E   AssertionError: assert 'ip_address' in {'action': 'UPDATE', 'actor_id': '6a65d044-7513-41aa-a6e6-13b0e98f27ad', 'actor_name': 'System Admin', 'created_at': '2026-02-17T22:36:13.832973Z', ...}</failure></testcase><testcase classname="backend.tests.test_audit_logging.TestAvatarAuditLogging" name="test_avatar_photo_upload_logged" time="0.794"><failure message="AssertionError: assert 'ip_address' in {'action': 'UPLOAD', 'actor_id': '6a65d044-7513-41aa-a6e6-13b0e98f27ad', 'actor_name': 'System Admin', 'created_at': '2026-02-17T22:36:14.621181Z', ...}">backend/tests/test_audit_logging.py:509: in test_avatar_photo_upload_logged
    assert "ip_address" in log
E   AssertionError: assert 'ip_address' in {'action': 'UPLOAD', 'actor_id': '6a65d044-7513-41aa-a6e6-13b0e98f27ad', 'actor_name': 'System Admin', 'created_at': '2026-02-17T22:36:14.621181Z', ...}</failure></testcase><testcase classname="backend.tests.test_audit_logging.TestAvatarAuditLogging" name="test_avatar_photo_delete_logged" time="1.192"><failure message="AssertionError: assert 'ip_address' in {'action': 'DELETE', 'actor_id': '6a65d044-7513-41aa-a6e6-13b0e98f27ad', 'actor_name': 'System Admin', 'created_at': '2026-02-17T22:36:15.861058Z', ...}">backend/tests/test_audit_logging.py:539: in test_avatar_photo_delete_logged
    assert "ip_address" in log
E   AssertionError: assert 'ip_address' in {'action': 'DELETE', 'actor_id': '6a65d044-7513-41aa-a6e6-13b0e98f27ad', 'actor_name': 'System Admin', 'created_at': '2026-02-17T22:36:15.861058Z', ...}</failure></testcase><testcase classname="backend.tests.test_audit_logging.TestCommentAuditLogging" name="test_comment_create_logged" time="1.022"><failure message="AssertionError: assert 'ip_address' in {'action': 'CREATE', 'actor_id': '6a65d044-7513-41aa-a6e6-13b0e98f27ad', 'actor_name': 'System Admin', 'created_at': '2026-02-17T22:36:16.762360Z', ...}">backend/tests/test_audit_logging.py:584: in test_comment_create_logged
    assert "ip_address" in log
E   AssertionError: assert 'ip_address' in {'action': 'CREATE', 'actor_id': '6a65d044-7513-41aa-a6e6-13b0e98f27ad', 'actor_name': 'System Admin', 'created_at': '2026-02-17T22:36:16.762360Z', ...}</failure></testcase><testcase classname="backend.tests.test_audit_logging.TestVideoAuditLogging" name="test_video_upload_logged" time="1.033"><failure message="AssertionError: assert 'ip_address' in {'action': 'UPLOAD', 'actor_id': '6a65d044-7513-41aa-a6e6-13b0e98f27ad', 'actor_name': 'System Admin', 'created_at': '2026-02-17T22:36:17.809840Z', ...}">backend/tests/test_audit_logging.py:640: in test_video_upload_logged
    assert "ip_address" in log
E   AssertionError: assert 'ip_address' in {'action': 'UPLOAD', 'actor_id': '6a65d044-7513-41aa-a6e6-13b0e98f27ad', 'actor_name': 'System Admin', 'created_at': '2026-02-17T22:36:17.809840Z', ...}</failure></testcase><testcase classname="backend.tests.test_audit_logging.TestAuditLogRequiredFields" name="test_audit_logs_have_required_fields" time="0.136"><failure message="assert 520 == 200&#10; +  where 520 = &lt;Response [520]&gt;.status_code">backend/tests/test_audit_logging.py:658: in test_audit_logs_have_required_fields
    assert response.status_code == 200
E   assert 520 == 200
E    +  where 520 = &lt;Response [520]&gt;.status_code</failure></testcase><testcase classname="backend.tests.test_audit_logging.TestAuditLoggingSafety" name="test_endpoint_works_even_if_audit_would_fail" time="0.570" /></testsuite></testsuites>