<?xml version="1.0" encoding="utf-8"?><testsuites name="pytest tests"><testsuite name="pytest" errors="0" failures="0" skipped="0" tests="16" time="15.520" timestamp="2026-02-17T22:37:34.745175+00:00" hostname="agent-env-0a18ac64-728f-469e-a8ca-9f0beb349a89"><testcase classname="backend.tests.test_audit_logging.TestLoginAuditLogging" name="test_login_success_logged" time="1.537" /><testcase classname="backend.tests.test_audit_logging.TestLoginAuditLogging" name="test_login_failed_logged" time="0.760" /><testcase classname="backend.tests.test_audit_logging.TestUserCRUDAuditLogging" name="test_user_create_logged" time="1.164" /><testcase classname="backend.tests.test_audit_logging.TestUserCRUDAuditLogging" name="test_user_update_logged" time="1.297" /><testcase classname="backend.tests.test_audit_logging.TestUserCRUDAuditLogging" name="test_user_delete_logged" time="1.172" /><testcase classname="backend.tests.test_audit_logging.TestTaskCRUDAuditLogging" name="test_task_create_logged" time="0.865" /><testcase classname="backend.tests.test_audit_logging.TestTaskCRUDAuditLogging" name="test_task_update_logged" time="1.097" /><testcase classname="backend.tests.test_audit_logging.TestTaskCRUDAuditLogging" name="test_task_delete_logged" time="0.957" /><testcase classname="backend.tests.test_audit_logging.TestTaskStatusChangeAuditLogging" name="test_status_change_logged" time="1.054" /><testcase classname="backend.tests.test_audit_logging.TestAvatarAuditLogging" name="test_avatar_update_logged" time="0.814" /><testcase classname="backend.tests.test_audit_logging.TestAvatarAuditLogging" name="test_avatar_photo_upload_logged" time="0.782" /><testcase classname="backend.tests.test_audit_logging.TestAvatarAuditLogging" name="test_avatar_photo_delete_logged" time="1.214" /><testcase classname="backend.tests.test_audit_logging.TestCommentAuditLogging" name="test_comment_create_logged" time="1.107" /><testcase classname="backend.tests.test_audit_logging.TestVideoAuditLogging" name="test_video_upload_logged" time="1.004" /><testcase classname="backend.tests.test_audit_logging.TestAuditLogRequiredFields" name="test_audit_logs_have_required_fields" time="0.129" /><testcase classname="backend.tests.test_audit_logging.TestAuditLoggingSafety" name="test_endpoint_works_even_if_audit_would_fail" time="0.507" /></testsuite></testsuites>