<?xml version="1.0" encoding="utf-8"?><testsuites name="pytest tests"><testsuite name="pytest" errors="0" failures="0" skipped="0" tests="17" time="6.368" timestamp="2026-02-17T02:24:53.824843+00:00" hostname="agent-env-d55b8717-9e77-4453-aa55-188707cec533"><testcase classname="backend.tests.test_avatars.TestGetAvatars" name="test_get_avatars_returns_3_avatars" time="0.846" /><testcase classname="backend.tests.test_avatars.TestGetAvatars" name="test_avatars_have_correct_structure" time="0.298" /><testcase classname="backend.tests.test_avatars.TestGetAvatars" name="test_avatars_have_correct_ids" time="0.192" /><testcase classname="backend.tests.test_avatars.TestGetAvatars" name="test_avatars_have_correct_names" time="0.214" /><testcase classname="backend.tests.test_avatars.TestGetAvatars" name="test_get_avatars_requires_auth" time="0.206" /><testcase classname="backend.tests.test_avatars.TestUploadAvatarPhoto" name="test_upload_avatar_photo_success" time="0.233" /><testcase classname="backend.tests.test_avatars.TestUploadAvatarPhoto" name="test_upload_avatar_photo_updates_has_photo" time="0.337" /><testcase classname="backend.tests.test_avatars.TestUploadAvatarPhoto" name="test_upload_rejects_invalid_mime_type" time="0.129" /><testcase classname="backend.tests.test_avatars.TestUploadAvatarPhoto" name="test_upload_rejects_file_over_2mb" time="0.316" /><testcase classname="backend.tests.test_avatars.TestUploadAvatarPhoto" name="test_upload_rejects_non_existent_avatar" time="0.152" /><testcase classname="backend.tests.test_avatars.TestUploadAvatarPhoto" name="test_upload_requires_admin_role" time="0.869" /><testcase classname="backend.tests.test_avatars.TestDeleteAvatarPhoto" name="test_delete_avatar_photo_success" time="0.532" /><testcase classname="backend.tests.test_avatars.TestDeleteAvatarPhoto" name="test_delete_requires_admin_role" time="0.788" /><testcase classname="backend.tests.test_avatars.TestDeleteAvatarPhoto" name="test_delete_returns_400_if_no_photo" time="0.523" /><testcase classname="backend.tests.test_avatars.TestAvatarAuthentication" name="test_get_avatars_without_auth_fails" time="0.135" /><testcase classname="backend.tests.test_avatars.TestAvatarAuthentication" name="test_upload_without_auth_fails" time="0.178" /><testcase classname="backend.tests.test_avatars.TestAvatarAuthentication" name="test_delete_without_auth_fails" time="0.232" /></testsuite></testsuites>