<?xml version="1.0" encoding="utf-8"?><testsuites name="pytest tests"><testsuite name="pytest" errors="0" failures="0" skipped="0" tests="17" time="5.192" timestamp="2026-02-17T18:07:18.450533+00:00" hostname="agent-env-7e553204-6541-4ab3-bf0b-39b1b2832eda"><testcase classname="tests.test_avatar_system.TestGetAvatars" name="test_get_avatars_returns_3_avatars" time="0.525" /><testcase classname="tests.test_avatar_system.TestGetAvatars" name="test_avatars_have_correct_ids" time="0.121" /><testcase classname="tests.test_avatar_system.TestGetAvatars" name="test_avatars_have_required_fields" time="0.204" /><testcase classname="tests.test_avatar_system.TestGetAvatars" name="test_avatars_have_correct_names" time="0.208" /><testcase classname="tests.test_avatar_system.TestGetAvatars" name="test_get_avatars_requires_auth" time="0.138" /><testcase classname="tests.test_avatar_system.TestPatchAvatar" name="test_update_display_name" time="0.570" /><testcase classname="tests.test_avatar_system.TestPatchAvatar" name="test_update_is_active" time="0.606" /><testcase classname="tests.test_avatar_system.TestPatchAvatar" name="test_update_both_fields" time="0.245" /><testcase classname="tests.test_avatar_system.TestPatchAvatar" name="test_patch_non_existent_avatar_returns_404" time="0.125" /><testcase classname="tests.test_avatar_system.TestPatchAvatar" name="test_patch_requires_admin" time="0.289" /><testcase classname="tests.test_avatar_system.TestAvatarPhoto" name="test_upload_photo" time="0.251" /><testcase classname="tests.test_avatar_system.TestAvatarPhoto" name="test_upload_photo_non_existent_avatar_returns_404" time="0.140" /><testcase classname="tests.test_avatar_system.TestAvatarPhoto" name="test_upload_invalid_mime_type_returns_400" time="0.231" /><testcase classname="tests.test_avatar_system.TestAvatarPhoto" name="test_delete_photo" time="0.421" /><testcase classname="tests.test_avatar_system.TestAvatarPhoto" name="test_delete_photo_non_existent_avatar_returns_404" time="0.167" /><testcase classname="tests.test_avatar_system.TestAvatarIntegration" name="test_tasks_can_use_any_avatar" time="0.269" /><testcase classname="tests.test_avatar_system.TestAvatarIntegration" name="test_avatar_display_name_independent_of_tasks" time="0.611" /></testsuite></testsuites>