<?xml version="1.0" encoding="utf-8"?><testsuites name="pytest tests"><testsuite name="pytest" errors="0" failures="0" skipped="0" tests="25" time="14.291" timestamp="2026-02-17T19:03:34.368138+00:00" hostname="agent-env-7e553204-6541-4ab3-bf0b-39b1b2832eda"><testcase classname="backend.tests.test_rbac.TestRBACSetup" name="test_admin_login" time="0.405" /><testcase classname="backend.tests.test_rbac.TestRBACSetup" name="test_create_editor_user_if_not_exists" time="0.330" /><testcase classname="backend.tests.test_rbac.TestRBACSetup" name="test_create_producer_user_if_not_exists" time="0.582" /><testcase classname="backend.tests.test_rbac.TestRBACSetup" name="test_create_approver_user_if_not_exists" time="0.690" /><testcase classname="backend.tests.test_rbac.TestPermissionsEndpoint" name="test_admin_permissions" time="0.607" /><testcase classname="backend.tests.test_rbac.TestPermissionsEndpoint" name="test_editor_permissions" time="0.579" /><testcase classname="backend.tests.test_rbac.TestPermissionsEndpoint" name="test_producer_permissions" time="0.508" /><testcase classname="backend.tests.test_rbac.TestPermissionsEndpoint" name="test_approver_permissions" time="0.512" /><testcase classname="backend.tests.test_rbac.TestUsersEndpointRBAC" name="test_admin_can_access_users" time="0.478" /><testcase classname="backend.tests.test_rbac.TestUsersEndpointRBAC" name="test_editor_cannot_access_users" time="0.509" /><testcase classname="backend.tests.test_rbac.TestUsersEndpointRBAC" name="test_producer_cannot_access_users" time="0.553" /><testcase classname="backend.tests.test_rbac.TestUsersEndpointRBAC" name="test_approver_cannot_access_users" time="0.503" /><testcase classname="backend.tests.test_rbac.TestAvatarsEndpointRBAC" name="test_admin_can_manage_avatars" time="0.589" /><testcase classname="backend.tests.test_rbac.TestAvatarsEndpointRBAC" name="test_editor_cannot_manage_avatars" time="0.568" /><testcase classname="backend.tests.test_rbac.TestAvatarsEndpointRBAC" name="test_producer_cannot_manage_avatars" time="0.495" /><testcase classname="backend.tests.test_rbac.TestAvatarsEndpointRBAC" name="test_approver_cannot_manage_avatars" time="0.489" /><testcase classname="backend.tests.test_rbac.TestTasksEndpointRBAC" name="test_admin_can_create_tasks" time="0.653" /><testcase classname="backend.tests.test_rbac.TestTasksEndpointRBAC" name="test_editor_can_create_tasks" time="0.630" /><testcase classname="backend.tests.test_rbac.TestTasksEndpointRBAC" name="test_producer_cannot_create_tasks" time="0.589" /><testcase classname="backend.tests.test_rbac.TestTasksEndpointRBAC" name="test_approver_cannot_create_tasks" time="0.511" /><testcase classname="backend.tests.test_rbac.TestAuditLogsEndpointRBAC" name="test_admin_can_view_audit_logs" time="0.508" /><testcase classname="backend.tests.test_rbac.TestAuditLogsEndpointRBAC" name="test_editor_can_view_audit_logs" time="0.734" /><testcase classname="backend.tests.test_rbac.TestAuditLogsEndpointRBAC" name="test_producer_cannot_view_audit_logs" time="0.490" /><testcase classname="backend.tests.test_rbac.TestAuditLogsEndpointRBAC" name="test_approver_cannot_view_audit_logs" time="0.503" /><testcase classname="backend.tests.test_rbac.TestDeleteTaskRBAC" name="test_editor_cannot_delete_tasks" time="1.124" /></testsuite></testsuites>